[  0000000] Initiaizngcgroup subsys cpuset
[    0.000000] Initializing cgroup subsys cpu
[    0.000000] Initializing cgroup subsys cpuacct
[    0.000000] Linux version 4.4.0-43-generic (buildd@lgw01-22) (gcc version 5.4.0 20160609 (Ubuntu 5.4.0-6ubuntu1~16.04.2) ) #63-Ubuntu SMP Wed Oct 12 13:48:03 UTC 2016 (Ubuntu 4.4.0-43.63-generic 4.4.21)
[    0.000000] Command line: BOOT_IMAGE=/boot/vmlinuz-4.4.0-43-generic root=LABEL=cloudimg-rootfs ro console=tty1 console=ttyS0
[    0.000000] KERNEL supported cpus:
[    0.000000]   Intel GenuineIntel
[    0.000000]   AMD AuthenticAMD
[    0.000000]   Centaur CentaurHauls
[    0.000000] x86/fpu: Legacy x87 FPU detected.
[    0.000000] x86/fpu: Using 'lazy' FPU context switches.
[    0.000000] e820: BIOS-provided physical RAM map:
[    0.000000] BIOS-e820: [mem 0x000000000000000x000000000009fbff] usable
[    0.000000] BIOS-e820: [mem 0x000000000009fc00-0x000000000009ffff] reserved
[    0.000000] BIOS-e820: [mem 0x00000000000f0000-0x00000000000ff] eserved
[    0.000000] BIOS-e820: [mem 0x0000000000100000-0x0000007fefff] usable
[    0.000000] BIOS-e820: [mem 0x000000007fff0000-0x000000007fffffff] ACPI data
[    0.000000] BIOS-e820: [mem 0x00000000fec00000-0x00000000fec00fff] reserved
[    0.000000] BIOS-e820: [mem 0x00000000fee00000-0x00000000fee00fff] reserved
[    0.000000] BIOS-e820: [mem 0x00000000fffc0000-0x00000000ffffffff] reserved
[    0.000000] NX (Execute Disable) protection: active
[    0.000000] SMBIOS 2.5 present.
[    0.0000] ypervisor detected: KVM
[    0.000000] AGP: No AGP bridge found
[    0.000000] e820: last_pfn = 0x7fff0 max_arch_pfn = 0x400000000
[    0.000000] MTRR: Disabled
[    0.000000] x86/PAT: MTRRs disabled, skipping PAT initialization too.
[    0.000000] x86/PAT: Configuration [0-7]: WB  WT  UC- UC  WB  WT  UC- UC  
[    0.000000] CPU MTRRs all blank - virtualized system.
[    0.000000] found SMP MP-table at [mem 0x0009fff-0009ffff] mapped a[ff880000ff0]
[    0.000000] Sanin1 reas for low memory corruption
[    0.000000] RAMDISK: [mem 0x36fd8000-0x377e3fff]
[    0.000000] ACPI: Early table checksum verification disabled
[    0.000000] ACPI: RSDP 0x00000000000E0000 000024 (v02 VBOX  )
[    0.000000] ACPI: XSDT 0x000000007FFF0030 00C v01 VBOX   VBOXXSDT 00000001 ASL  00000061)
[    0.000000] ACPI: FACP 0x000000007FFF00F0 0000F4 (v04 VBOX   VBOXFACP 00000001 ASL  00000061)
[    0.000000] ACPI: DSDT 0x0000007FF047000210F (v01 VBOX   VBOXBIOS 00000002 INTL 20100528)
[    0.000000] ACPI: FACS 0x000000007FFF0200 000040
[    0.000000] ACPI: FACS 0x000000007FFF0200 000040
[    0.000000] ACPI: APIC 0x000000007FFF0240 00005C (v02 VBOX   VBOXAPIC 00000001 ASL  00000061)
[    0.000000] ACPI: SSDT 0x000000007FFF02A0 0001CC (v01 VBOX   VBOXCPUT 00000002 INTL 20100528)
[    0.000000] No NUMA configuration found
[    0.000000] Faking a node at [mem 0x0000000000000000-0x000000007ffeffff]
[    0.000000] NODE_DATA(0) allocated [mem 0x7ffeb000-0x7ffeffff]
[    0.000000] kvm-clock: Using msrs 4b564d01 and 4b564d00
[    0.000000] kvm-clock: cpu 0, msr 0:7ffe7001, primary cpu clock
[    0.000000] kvm-clock: using sched offset of 3570020369 cycles
[    0.000000] clocksouce kvm-clock: mask: 0xffffffffffffffff max_cycles: 0x1cd42e4dffb, max_idle_ns: 881590591483 ns
[    0.000000] Zone ranges:
[    0.000000]   DMA      [mem 0x0000000000001000-0x0000000000ffffff]
[    0.000000]   DMA32    [mem 0x0000000001000000-0x000000007ffefff
   0.00000]  Nrml   empty
[    0.000000]   Device   empty
[    0.000000] Movable zone start for eachno
    0.000000] Early memory node ranges
[    0.000000]   node   0: [mem 0x0000000000001000-0x000000000009efff]
[    0.00000  node   0:[mem x00000001000-0x000000007ffeffff]
[    0.000000] Initmem setup node 0 [mem 0x0000000000001000-x000000007ffeffff]
[    0.000000] ACPI: PM-Timer IO Port: 0x4008
[    0.000000] IOAPIC[0]: apic_id 2, version 32, address 0xfec00000, GSI 0-23
[    0.000000] ACPI: INT_SRC_OVR (bus 0 bus_irq 0 global_irq 2 dfl dfl)
[    0.000000] ACPI: INT_SRC_OVR (bus 0 bus_irq 9 global_irq 9 high level)
[    0.000000] Using ACPI(MADT) for SMP configuration information
[    0.000000] smpboot: Allowing 2 CPUs, 0 hotplug CPUs
[    0.000000] PM: Registered nosave memory: [mem 0x00000000-0x00000fff]
[    0.000000] PM: Registered nosave memory: [mem 0x0009f000-0x0009ffff]
[    0.000000] PM: Registered nosave memory: [mem 0x000a0000-0x000effff]
[    0.000000] PM: Registered osave memory: [mem 0x000f0000-0x000fffff]
[    0.000000] e820: [mem 0x80000000-0xfebfffff] available for PCI devices
[    0.000000] Booting paravirtualized kernel on KVM
[    0.000000] clocksource: refined-jiffies: mask: 0xffffffff max_cycles: 0xffffffff, max_idle_ns: 7645519600211568 ns
[    0.000000] setup_percpu: NR_CPUS:256 nr_cpumask_bits:256 nr_cpu_ids:2 nr_node_ids:1
[    0.000000] PERCPU: Embedded 33 pages/cpu @ffff88007fc00000 s98008 r8192 d28968 u1048576
[   0.000000] PV qspinlock hash table entries: 256 (order: 0, 4096 bytes)
[    0.000000] Built 1 zonelists in Node order, mobility grouping on.  Total pages: 515961
[    0.000000] Policy zone: DMA32
[    0.000000] Kernel command line: BOOT_IMAGE=/boot/vmlinuz-4.4.0-43-generic root=LABEL=cloudimg-rootfs ro console=tty1 console=ttyS0
[    0.000000] PID hash table entries: 4096 (order: 3, 32768 bytes)
[    0.000000] AGP: Checking aperture...
[    0.000000] AGP: No AGP bridge found
[    0.000000] Memory: 2036588K/2096696K available (8409K kernel code, 1283K rwdata, 3944K rodata, 1480K init, 1292K bss, 60108K reserved, 0K cma-reserved)
[    0.000000] SLUB: HWalign=64, Order=0-3, MinObjects=0, CPUs=2, Nodes=1
[    0.000000] Hierarchical RCU implementation.
[    0.000000] 	Build-time adjustment of leaf fanout to 64.
[    0.000000] 	RCU restricting CPUs from NR_CPUS=256 to nr_cpu_ids=2.
[    0.000000] RCU: Adjusting geometry for rcu_fanout_leaf=64, nr_cpu_ids=2
[    0.000000] NR_IRQS:16640 nr_irqs:440 16
[    0.000000] Console: colour VGA+ 80x25
[    0.000000] console [tty1] enabled
[    0.000000] console [ttyS0] enabled
[    0.000000] tsc: Detected 3006.072 MHz processor
[    0.000000] tsc: Marking TSC unstable due to TSCs unsynchronized
[    0.004000] Calibrating delay loop (skipped) preset value.. 6012.14 BogoMIPS (lpj=12024288)
[    0.004000] pid_max: default: 32768 minimum: 301
[    0.004000] ACPI: Core revision 20150930
[    0.004000] ACPI: 2 ACPI AML tables successfully acquired and loaded
[    0.004323] Security Framework initialized
[    0.008004] Yama: becoming mindful.
[    0.009125] AppArmor: AppArmor initialized
[    0.012921] Dentry cache hash table entries: 262144 (order: 9, 2097152 bytes)
[    0.016642] Inode-cache hash table entries: 131072 (order: 8, 1048576 bytes)
[    0.020285] Mount-cache hash table entries: 4096 (order: 3, 32768 bytes)
[    0.024007] Mountpoint-cache hash table entries: 4096 (order: 3, 32768 bytes)
[    0.026433] Initializing cgroup subsys io
[    0.028011] Initializing cgroup subsys memory
[    0.032013] Initializing cgroup subsys devices
[    0.033019] Initializing cgroup subsys freezer
[    0.036011] Initializing cgroup subsys net_cls
[    0.041004] Initializing cgroup subsys perf_event
[    0.044009] Initializing cgroup subsys net_prio
[    0.048010] Initializing cgroup subsys hugetlb
[    0.052010] Initializing cgroup subsys pids
[    0.056116] CPU: Physical Processor ID: 0
[    0.060006] CPU: Processor Core ID: 0
[    0.064015] mce: CPU supports 0 MCE banks
[    0.065024] process: using AMD E400 aware idle routine
[    0.068008] Last level iTLB entries: 4KB 512, 2MB 16, 4MB 8
[    0.072003] Last level dTLB entries: 4KB 512, 2MB 128, 4MB 64, 1GB 0
[    0.077968] Freeing SMP alternatives memory: 32K (ffffffff820b4000 - ffffffff820bc000)
[    0.091273] ftrace: allocating 32007 entries in 126 pages
[    0.104113] smpboot: Max logical packages: 1
[    0.108009] smpboot: APIC(0) Converting physical 0 to logical package 0
[    0.112295] x2apic enabled
[    0.116007] Switched APIC routing to physical x2apic.
[    0.121164] ..TIMER: vector=0x30 apic1=0 pin1=2 apic2=-1 pin2=-1
[    0.128000] APIC calibration not consistent with PM-Timer: 96ms instead of 100ms
[    0.128000] APIC delta adjusted to PM-Timer: 6363359 (6118285)
[    0.128069] smpboot: CPU0: AMD Phenom(tm) II X2 545 Processor (family: 0x10, model: 0x4, stepping: 0x2)
[    0.136015] Performance Events: Broken PMU hardware detected, using software events only.
[    0.140005] Failed to access perfctr msr (MSR c0010007 is 0)
[    0.144049] KVM setup paravirtual spinlock
[    0.148761] x86: Booting SMP configuration:
[    0.152005] .... node  #0, CPUs:      #1
[    0.004000] kvm-clock: cpu 1, msr 0:7ffe7041, secondary cpu clock
[    0.004000] mce: CPU supports 0 MCE banks
[    0.192111] x86: Booted up 1 node, 2 CPUs
[    0.193274] smpboot: Total of 2 processors activated (12024.28 BogoMIPS)
[    0.196296] devtmpfs: initialized
[    0.202963] evm: security.selinux
[    0.212005] evm: security.SMACK64
[    0.228005] evm: security.SMACK64EXEC
[    0.229056] evm: security.SMACK64TRANSMUTE
[    0.244005] evm: security.SMACK64MMAP
[    0.252004] evm: security.ima
[    0.256005] evm: security.capability
[    0.276183] clocksource: jiffies: mask: 0xffffffff max_cycles: 0xffffffff, max_idle_ns: 7645041785100000 ns
[    0.300058] pinctrl core: initialized pinctrl subsystem
[    0.308147] RTC time: 19:32:51, date: 10/24/16
[    0.321122] NET: Registered protocol family 16
[    0.336006] cpuidle: using governor ladder
[    0.356008] cpuidle: using governor menu
[    0.360010] PCCT header not found.
[    0.364049] ACPI: bus type PCI registered
[    0.364958] acpiphp: ACPI Hot Plug PCI Controller Driver version: 0.5
[    0.368117] PCI: Using configuration type 1 for base access
[    0.372004] PCI: Using configuration type 1 for extended access
[    0.388105] ACPI: Added _OSI(Module Device)
[    0.396005] ACPI: Added _OSI(Processor Device)
[    0.397177] ACPI: Added _OSI(3.0 _SCP Extensions)
[    0.412005] ACPI: Added _OSI(Processor Aggregator Device)
[    0.428752] ACPI: Executed 1 blocks of module-level executable AML code
[    0.432788] ACPI: Interpreter enabled
[    0.435277] ACPI Exception: AE_NOT_FOUND, While evaluating Sleep State [\_S1_] (20150930/hwxface-580)
[    0.464008] ACPI Exception: AE_NOT_FOUND, While evaluating Sleep State [\_S2_] (20150930/hwxface-580)
[    0.476008] ACPI Exception: AE_NOT_FOUND, While evaluating Sleep State [\_S3_] (20150930/hwxface-580)
[    0.492009] ACPI Exception: AE_NOT_FOUND, While evaluating Sleep State [\_S4_] (20150930/hwxface-580)
[    0.500014] ACPI: (supports S0 S5)
[    0.504005] ACPI: Using IOAPIC for interrupt routing
[    0.516192] PCI: Using host bridge windows from ACPI; if necessary, use "pci=nocrs" and report a bug
[    0.535091] ACPI: PCI Root Bridge [PCI0] (domain 0000 [bus 00-ff])
[    0.556012] acpi PNP0A03:00: _OSC: OS supports [ExtendedConfig ASPM ClockPM Segments MSI]
[    0.564017] acpi PNP0A03:00: _OSC failed (AE_NOT_FOUND); disabling ASPM
[    0.568347] PCI host bridge to bus 0000:00
[    0.569647] pci_bus 0000:00: root bus resource [io  0x0000-0x0cf7 window]
[    0.572015] pci_bus 0000:00: root bus resource [io  0x0d00-0xffff window]
[    0.575386] pci_bus 0000:00: root bus resource [mem 0x000a0000-0x000bffff window]
[    0.576007] pci_bus 0000:00: root bus resource [mem 0x80000000-0xffdfffff window]
[    0.604008] pci_bus 0000:00: root bus resource [bus 00-ff]
[    0.610262] pci 0000:00:01.1: legacy IDE quirk: reg 0x10: [io  0x01f0-0x01f7]
[    0.612005] pci 0000:00:01.1: legacy IDE quirk: reg 0x14: [io  0x03f6]
[    0.620007] pci 0000:00:01.1: legacy IDE quirk: reg 0x18: [io  0x0170-0x0177]
[    0.624007] pci 0000:00:01.1: legacy IDE quirk: reg 0x1c: [io  0x0376]
[    0.685761] pci 0000:00:07.0: quirk: [io  0x4000-0x403f] claimed by PIIX4 ACPI
[    0.688022] pci 0000:00:07.0: quirk: [io  0x4100-0x410f] claimed by PIIX4 SMB
[    0.728019] ACPI: PCI Interrupt Link [LNKA] (IRQs 5 9 10 *11)
[    0.730571] ACPI: PCI Interrupt Link [LNKB] (IRQs 5 9 10 *11)
[    0.732559] ACPI: PCI Interrupt Link [LNKC] (IRQs 5 9 *10 11)
[    0.734764] ACPI: PCI Interrupt Link [LNKD] (IRQs 5 *9 10 11)
[    0.749202] ACPI: Enabled 2 GPEs in block 00 to 07
[    0.756158] vgaarb: setting as boot device: PCI:0000:00:02.0
[    0.758837] vgaarb: device added: PCI:0000:00:02.0,decodes=io+mem,owns=io+mem,locks=none
[    0.760007] vgaarb: loaded
[    0.764005] vgaarb: bridge control possible 0000:00:02.0
[    0.768246] SCSI subsystem initialized
[    0.772114] ACPI: bus type USB registered
[    0.776036] usbcore: registered new interface driver usbfs
[    0.778677] usbcore: registered new interface driver hub
[    0.784035] usbcore: registered new device driver usb
[    0.792096] PCI: Using ACPI for IRQ routing
[    0.800200] NetLabel: Initializing
[    0.804005] NetLabel:  domain hash size = 128
[    0.805095] NetLabel:  protocols = UNLABELED CIPSOv4
[    0.808020] NetLabel:  unlabeled traffic allowed by default
[    0.812061] amd_nb: Cannot enumerate AMD northbridges
[    0.816055] clocksource: Switched to clocksource kvm-clock
[    0.827770] AppArmor: AppArmor Filesystem Enabled
[    0.840126] pnp: PnP ACPI init
[    0.849272] pnp: PnP ACPI: found 3 devices
[    0.862742] clocksource: acpi_pm: mask: 0xffffff max_cycles: 0xffffff, max_idle_ns: 2085701024 ns
[    0.866635] NET: Registered protocol family 2
[    0.869606] TCP established hash table entries: 16384 (order: 5, 131072 bytes)
[    0.883154] TCP bind hash table entries: 16384 (order: 6, 262144 bytes)
[    0.886422] TCP: Hash tables configured (established 16384 bind 16384)
[    0.889317] UDP hash table entries: 1024 (order: 3, 32768 bytes)
[    0.892134] UDP-Lite hash table entries: 1024 (order: 3, 32768 bytes)
[    0.895154] NET: Registered protocol family 1
[    0.897762] pci 0000:00:00.0: Limiting direct PCI/PCI transfers
[    0.902832] pci 0000:00:01.0: Activating ISA DMA hang workarounds
[    0.918638] Trying to unpack rootfs image as initramfs...
[    2.558966] Freeing initrd memory: 8240K (ffff880036fd8000 - ffff8800377e4000)
[    2.567722] clocksource: tsc: mask: 0xffffffffffffffff max_cycles: 0x2b54adb9085, max_idle_ns: 440795360421 ns
[    2.582130] platform rtc_cmos: registered platform RTC device (no PNP device found)
[    2.601106] Scanning for low memory corruption every 60 seconds
[   .6481] fuexhash table entries: 512 (order: 3, 32768 bytes)
[    2.787284] audit: initializing netlink subsys (disabled)
[    2.788408] audit: type=2000 audit(1477337577.282:1): initialized
[  2791217] Initialise system trusted keyring

[    2.892596] HugeTLB registered 2 MB page size, pre-allocated 0 pages
[    2.895525] zbud: loaded
[    2.00538] VFS: Disk quotas dquot_6.6.0
[    2.929907] VFS: Dquot-cache hash table entries: 512 (order 0, 4096 bytes)
[    2.931978] squashfs: version 4.0 (2009/01/31) Phillip Lougher

[    2.933988] fuse init (API version 7.23)
[    2.935367] Key type big_key registered
[    2.937702] Allocating IMA MOK and blacklist keyrings.
[    2.941820] Key type asymmetric registered
[    2.948012] Asymmetric key parser 'x509' registered
[    2.968157] Block layer SCSI generic (bsg) driver version 0.4 loaded (major 249)
[    2.970713] io scheduler noop registered
[    2.972015] io scheduler deadline registered (default)
[    2.973937] io scheduler cfq registered
[    2.978502] pci_hotplug: PCI Hot Plug PCI Core version: 0.5
[    2.980114] pciehp: PCI Express Hot Plug Controller Driver version: 0.4
[    2.982067] ACPI: AC Adapter [AC] (on-line)
[    2.983303] input: Power Button as /devices/LNXSYSTM:00/LNXPWRBN:00/input/input0
[    2.989517] ACPI: Power Button [PWRF]
[    3.001279] input: Sleep Button as /devices/LNXSYSTM:00/LNXSLPBN:00/input/input1
[    3.006317] ACPI: Sleep Button [SLPF]
[    3.011877] GHES: HEST is not enabled!
[    3.017813] Serial: 8250/16550 driver, 32 ports, IRQ sharing enabled
[    3.065797] 00:02: ttyS0 at I/O 0x3f8 (irq = 4, base_baud = 115200) is a 16550A
[   3.51] inx gpar iterface v0.103

[    3.348805] brd: module loaded
[    3.351557] loop: module loaded
[    3.354584] scsi host0: ata_piix
[    3.361522] scsi host1: ata_piix
[    3.369300] ata1: PATA max UDMA/33 cmd 0x1f0 ctl 0x3f6 bmdma 0xd000 irq 14
[    3.388412] ata2: PATA max UDMA/33 cmd 0x170 ctl 0x376 bmdma 0xd008 irq 15
[    3.390022] libphy: Fixed MDIO Bus: probed
[    3.397756] tun: Universal TUN/TAP device driver, 1.6
[    3.400848] tun: (C) 1999-2004 Max Krasnyansky <maxk@qualcomm.com>
[    3.406072] PPP generic driver version 2.4.2
[    3.410322] ehci_hcd: USB 2.0 'Enhanced' Host Controller (EHCI) Driver
[    3.413815] ehci-pci: EHCI PCI platform driver
[    3.425074] ehci-platform: EHCI generic platform driver
[    3.428915] ohci_hcd: USB 1.1 'Open' Host Controller (OHCI) Driver
[    3.433447] ohci-pci: OHCI PCI platform driver
[    3.434514] ohci-platform: OHCI generic platform driver
[    3.441393] uhci_hcd: USB Universal Host Controller Interface driver
[    3.449934] i8042: PNP: PS/2 Controller [PNP0303:PS2K,PNP0f03:PS2M] at 0x60,0x64 irq 1,12
[    3.458638] serio: i8042 KBD port at 0x60,0x64 irq 1
[    3.465363] serio: i8042 AUX port at 0x60,0x64 irq 12
[    3.469515] mousedev: PS/2 mouse device common for all mice
[    3.473303] input: AT Translated Set 2 keyboard as /devices/platform/i8042/serio0/input/input2
[    3.481801] rtc_cmos rtc_cmos: rtc core: registered rtc_cmos as rtc0
[    3.481914] rtc_cmos rtc_cmos: alarms up to one day, 114 bytes nvram
[    3.481921] i2c /dev entries driver
[    3.481975] device-mapper: uevent: version 1.0.3
[    3.482032] device-mapper: ioctl: 4.34.0-ioctl (2015-10-28) initialised: dm-devel@redhat.com
[    3.482051] ledtrig-cpu: registered to indicate activity on CPUs
[    3.482346] NET: Registered protocol family 10
[    3.482545] NET: Registered protocol family 17
[    3.482558] Key type dns_resolver registered
[    3.482485] microcode: CPU0: patch_level=0x01000086
[    3.553025] microcode: CPU1: patch_level=0x01000086
[    3.553076] microcode: Microcode Update Driver: v2.01 <tigran@aivazian.fsnet.co.uk>, Peter Oruba
[    3.553213] registered taskstats version 1
[    3.553226] Loading compiled-in X.509 certificates
[    3.554271] Loaded X.509 cert 'Build time autogenerated kernel key: d76179dc6bbadd817ec29258d181eadabda602cb'
[    3.554294] zswap: loaded using pool lzo/zbud
[    3.560680] Key type trusted registered
[    3.563306] Key type encrypted registered
[    3.563310] AppArmor: AppArmor sha1 policy hashing enabled
[    3.563313] ima: No TPM chip found, activating TPM-bypass!
[    3.563335] evm: HMAC attrs: 0x1
[    3.563785]   Magic number: 4:323:547
[    3.563806] tty ttyS23: hash matches
[    3.596873] rtc_cmos rtc_cmos: setting system clock to 2016-10-24 19:32:54 UTC (1477337574)
[    3.596995] BIOS EDD facility v0.16 2004-Jun-25, 0 devices found
[    3.596995] EDD information not available.
[    3.751683] Freeing unused kernel memory: 1480K (ffffffff81f42000 - ffffffff820b4000)
[    3.767321] Write protecting the kernel read-only data: 14336k
[    3.772082] Freeing unused kernel memory: 1820K (ffff880001839000 - ffff880001a00000)
[    3.783650] Freeing unused kernel memory: 152K (ffff880001dda000 - ffff880001e00000)
Loading, please wait...
[    3.812367] random: systemd-udevd: uninitialized urandom read (16 bytes read, 2 bits of entropy available)
starting version[    3.813854] random: udevadm: uninitialized urandom read (16 bytes read, 2 bits of entropy available)
 229
[    3.813901] random: udevadm: uninitialized urandom read (16 bytes read, 2 bits of entropy available)
[    3.814042] random: udevadm: uninitialized urandom read (16 bytes read, 2 bits of entropy available)
[    3.814096] random: udevadm: uninitialized urandom read (16 bytes read, 2 bits of entropy available)
[    3.814147] random: udevadm: uninitialized urandom read (16 bytes read, 2 bits of entropy available)
[    3.814197] random: udevadm: uninitialized urandom read (16 bytes read, 2 bits of entropy available)
[    3.814244] random: udevadm: uninitialized urandom read (16 bytes read, 2 bits of entropy available)
[    3.814294] random: udevadm: uninitialized urandom read (16 bytes read, 2 bits of entropy available)
[    3.814341] random: udevadm: uninitialized urandom read (16 bytes read, 2 bits of entropy available)
[    3.992004] e1000: Intel(R) PRO/1000 Network Driver - version 7.3.21-k8-NAPI
[    4.000889] e1000: Copyright (c) 1999-2006 Intel Corporation.
[    4.014050] Fusion MPT base driver 3.04.20
[    4.017873] Copyright (c) 1999-2008 LSI Corporation
[    4.026496] Fusion MPT SPI Host driver 3.04.20
[    4.205377] input: ImExPS/2 Generic Explorer Mouse as /devices/platform/i8042/serio1/input/input4
[    4.434962] e1000 0000:00:03.0 eth0: (PCI:33MHz:32-bit) 02:3b:10:fe:82:8d
[    4.440313] e1000 0000:00:03.0 eth0: Intel(R) PRO/1000 Network Connection
[    4.442771] mptbase: ioc0: Initiating bringup
[    4.450108] e1000 0000:00:03.0 enp0s3: renamed from eth0
[    4.531995] ioc0: LSI53C1030 A0: Capabilities={Initiator}
[    5.066583] scsi host2: ioc0: LSI53C1030 A0, FwRev=00000000h, Ports=1, MaxQ=256, IRQ=20
[    5.190036] scsi 2:0:0:0: Direct-Access     VBOX     HARDDISK         1.0  PQ: 0 ANSI: 5
[    5.209104] scsi target2:0:0: Beginning Domain Validation
[    5.216286] scsi target2:0:0: Domain Validation skipping write tests
[    5.233249] scsi target2:0:0: Ending Domain Validation
[    5.251846] scsi target2:0:0: asynchronous
[    5.259129] scsi 2:0:1:0: Direct-Access     VBOX     HARDDISK         1.0  PQ: 0 ANSI: 5
[    5.262177] scsi target2:0:1: Beginning Domain Validation
[    5.265287] scsi target2:0:1: Domain Validation skipping write tests
[    5.267338] scsi target2:0:1: Ending Domain Validation
[    5.269241] scsi target2:0:1: asynchronous
[    5.277059] sd 2:0:0:0: Attached scsi generic sg0 type 0
[    5.280613] sd 2:0:1:0: Attached scsi generic sg1 type 0
[    5.280751] sd 2:0:0:0: [sda] 20971520 512-byte logical blocks: (10.7 GB/10.0 GiB)
[    5.292275] sd 2:0:1:0: [sdb] 20480 512-byte logical blocks: (10.5 MB/10.0 MiB)
[    5.292372] sd 2:0:0:0: [sda] Write Protect is off
[    5.292631] sd 2:0:0:0: [sda] Incomplete mode parameter data
[    5.292633] sd 2:0:0:0: [sda] Assuming drive cache: write through
[    5.294606]  sda: sda1
[    5.295324] sd 2:0:0:0: [sda] Attached SCSI disk
[    5.308621] sd 2:0:1:0: [sdb] Write Protect is off
[    5.310200] sd 2:0:1:0: [sdb] Incomplete mode parameter data
[    5.311810] sd 2:0:1:0: [sdb] Assuming drive cache: write through
[    5.323668] sd 2:0:1:0: [sdb] Attached SCSI disk
[    7.011846] floppy0: no floppy controllers found
Begin: Loading essential drivers ... [    8.563562] md: linear personality registered for level -1
[    8.569341] md: multipath personality registered for level -4
[    8.603559] md: raid0 personality registered for level 0
[    8.612202] md: raid1 personality registered for level 1
[    8.692347] raid6: sse2x1   gen()  2383 MB/s
[    8.772445] raid6: sse2x1   xor()  2084 MB/s
[    8.840024] raid6: sse2x2   gen()  3450 MB/s
[    8.908038] raid6: sse2x2   xor()  2584 MB/s
[    8.976398] raid6: sse2x4   gen()  3627 MB/s
[    9.044796] raid6: sse2x4   xor()  1614 MB/s
[    9.046140] raid6: using algorithm sse2x4 gen() 3627 MB/s
[    9.061154] raid6: .... xor() 1614 MB/s, rmw enabled
[    9.081947] raid6: using intx1 recovery algorithm
[    9.101016] xor: measuring software checksum speed
[    9.149230]    prefetch64-sse: 11127.000 MB/sec
[    9.216035]    generic_sse: 10704.000 MB/sec
[    9.234026] xor: using function: prefetch64-sse (11127.000 MB/sec)
[    9.244289] async_tx: api initialized (async)
[    9.257974] md: raid6 personality registered for level 6
[    9.259515] md: raid5 personality registered for level 5
[    9.264990] md: raid4 personality registered for level 4
[    9.282287] md: raid10 personality registered for level 10
done.
Begin: Running /scripts/init-premount ... done.
Begin: Mounting root file system ... Begin: Running /scripts/local-top ... done.
Begin: Running /scripts/local-premount ... [    9.347507] Btrfs loaded
Scanning for Btrfs filesystems
done.
Warning: fsck not present, so skipping root file system
[    9.413323] EXT4-fs (sda1): INFO: recovery required on readonly filesystem
[    9.425478] EXT4-fs (sda1): write access will be enabled during recovery
[    9.639477] EXT4-fs (sda1): orphan cleanup on readonly fs
[    9.659595] EXT4-fs (sda1): 5 orphan inodes deleted
[    9.662098] EXT4-fs (sda1): recovery complete
[    9.672418] EXT4-fs (sda1): mounted filesystem with ordered data mode. Opts: (null)
done.
Begin: Running /scripts/local-bottom ... done.
Begin: Running /scripts/init-bottom ... Warning: overlayroot: debug is busted
done.
[   10.262701] systemd[1]: systemd 229 running in system mode. (+PAM +AUDIT +SELINUX +IMA +APPARMOR +SMACK +SYSVINIT +UTMP +LIBCRYPTSETUP +GCRYPT +GNUTLS +ACL +XZ -LZ4 +SECCOMP +BLKID +ELFUTILS +KMOD -IDN)
[   10.284311] systemd[1]: Detected virtualization oracle.
[   10.293318] systemd[1]: Detected architecture x86-64.

Welcome to [1mUbuntu 16.04.1 LTS[0m!

[   10.354312] systemd[1]: Set hostname to <ubuntu-xenial>.
[   10.845877] random: nonblocking pool is initialized
[   11.207973] systemd[1]: Reached target User and Group Name Lookups.
[[0;32m  OK  [0m] Reached target User and Group Name Lookups.
[   11.214514] systemd[1]: Listening on udev Kernel Socket.
[[0;32m  OK  [0m] Listening on udev Kernel Socket.
[   11.217622] systemd[1]: Set up automount Arbitrary Executable File Formats File System Automount Point.
[[0;32m  OK  [0m] Set up automount Arbitrary Executab...ats File System Automount Point.
[   11.246132] systemd[1]: Listening on Journal Socket.
[[0;32m  OK  [0m] Listening on Journal Socket.
[   11.269483] systemd[1]: Listening on LVM2 poll daemon socket.
[[0;32m  OK  [0m] Listening on LVM2 poll daemon socket.
[   11.305892] systemd[1]: Created slice User and Session Slice.
[[0;32m  OK  [0m] Created slice User and Session Slice.
[   11.337881] systemd[1]: Listening on Journal Audit Socket.
[[0;32m  OK  [0m] Listening on Journal Audit Socket.
[   11.357353] systemd[1]: Listening on LVM2 metadata daemon socket.
[[0;32m  OK  [0m] Listening on LVM2 metadata daemon socket.
[   11.377329] systemd[1]: Created slice System Slice.
[[0;32m  OK  [0m] Created slice System Slice.
[   11.401206] systemd[1]: Mounting Huge Pages File System...
         Mounting Huge Pages File System...
[   11.409813] systemd[1]: Starting Nameserver information manager...
         Starting Nameserver information manager...
[   11.426539] systemd[1]: Starting Set console keymap...
         Starting Set console keymap...
[   11.443388] systemd[1]: Mounting Debug File System...
         Mounting Debug File System...
[   11.449764] systemd[1]: Starting Remount Root and Kernel File Systems...
         Starting Remount Root and Kernel File Systems...
[   11.501839] systemd[1]: Starting Load Kernel Modules...
         Starting Load Kernel Modules...
[   11.510463] systemd[1]: Listening on udev Control Socket.
[[0;32m  OK  [0m] Listening on udev Control Socket.
[   11.529239] systemd[1]: Listening on Device-mapper event daemon FIFOs.
[   11.530089] EXT4-fs (sda1): re-mounted. Opts: (null)
[[0;32m  OK  [0m] Listening on Device-mapper event daemon FIFOs.
[   11.558651] Loading iSCSI transport class v2.0-870.
[   11.564999] systemd[1]: Starting Monitoring of LVM2 mirrors, snapshots etc. using dmeventd or progress polling...
         Starting Monitoring of LVM2 mirrors... dmeventd or progress polling...
[   11.628580] systemd[1]: Starting Uncomplicated firewall...
[   11.637302] iscsi: registered transport (tcp)
         Starting Uncomplicated firewall...
[   11.667330] systemd[1]: Reached target Encrypted Volumes.
[[0;32m  OK  [0m] Reached target Encrypted Volumes.
[   11.679540] systemd[1]: Listening on Syslog Socket.
[[0;32m  OK  [0m] Listening on Syslog Socket.
[   11.685087] systemd[1]: Reached target Swap.
[[0;32m  OK  [0m] Reached target Swap.
[   11.768282] systemd[1]: Mounting POSIX Message Queue File System...
         Mounting POSIX Message Queue File System...
[   11.817391] systemd[1]: Started Forward Password Requests to Wall Directory Watch.
[[0;32m  OK  [0m] Started Forward Password Requests to Wall Directory Watch.
[   11.846843] systemd[1]: Reached target Slices.
[[0;32m  OK  [0m] Reached target Slices.
[   11.916895] systemd[1]: Listening on Journal Socket (/dev/log).
[   11.932216] iscsi: registered transport (iser)
[[0;32m  OK  [0m] Listening on Journal Socket (/dev/log).
[   11.969608] systemd[1]: Starting Journal Service...
         Starting Journal Service...
[   11.986411] systemd[1]: Starting Create list of required static device nodes for the current kernel...
         Starting Create list of required st... nodes for the current kernel...
[   12.000748] systemd[1]: Created slice system-postgresql.slice.
[[0;32m  OK  [0m] Created slice system-postgresql.slice.
[   12.010622] systemd[1]: Created slice system-serial\x2dgetty.slice.
[[0;32m  OK  [0m] Created slice system-serial\x2dgetty.slice.
[   12.016196] systemd[1]: Listening on /dev/initctl Compatibility Named Pipe.
[[0;32m  OK  [0m] Listening on /dev/initctl Compatibility Named Pipe.
[   12.065360] systemd[1]: Mounted Debug File System.
[[0;32m  OK  [0m] Mounted Debug File System.
[   12.078354] systemd[1]: Mounted Huge Pages File System.
[[0;32m  OK  [0m] Mounted Huge Pages File System.
[   12.098349] systemd[1]: Mounted POSIX Message Queue File System.
[[0;32m  OK  [0m] Mounted POSIX Message Queue File System.
[   12.120673] systemd[1]: Started Journal Service.
[[0;32m  OK  [0m] Started Journal Service.
[[0;32m  OK  [0m] Started Set console keymap.
[[0;32m  OK  [0m] Started Remount Root and Kernel File Systems.
[[0;32m  OK  [0m] Started Load Kernel Modules.
[[0;32m  OK  [0m] Started Uncomplicated firewall.
[[0;32m  OK  [0m] Started Create list of required sta...ce nodes for the current kernel.
[[0;32m  OK  [0m] Started Nameserver information manager.
[[0;32m  OK  [0m] Started LVM2 metadata daemon.
         Starting Create Static Device Nodes in /dev...
         Starting Apply Kernel Variables...
         Mounting FUSE Control File System...
         Starting udev Coldplug all Devices...
         Starting Load/Save Random Seed...
         Starting Flush Journal to Persistent Storage...
[[0;32m  OK  [0m] Mounted FUSE Control File System.
[[0;32m  OK  [0m] Started Apply Kernel Variables.
[[0;32m  OK  [0m] Started Load/Save Random Seed.
[[0;32m  OK  [0m] Started udev Coldplug all Devices.
[[0;32m  OK  [0m] Started Create Static Device Nodes in /dev.
         Starting udev Kernel Device Manager...
[[0;32m  OK  [0m] Started Flush Journal to Persistent Storage.
[[0;32m  OK  [0m] Started udev Kernel Device Manager.
[[0;32m  OK  [0m] Started Dispatch Password Requests to Console Directory Watch.
[[0;32m  OK  [0m] Started Monitoring of LVM2 mirrors,...ng dmeventd or progress polling.
[[0;32m  OK  [0m] Reached target Local File Systems (Pre).
[[0;32m  OK  [0m] Reached target Local File Systems.
         Starting Set console font and keymap...
         Starting Create Volatile Files and Directories...
         Starting Tell Plymouth To Write Out Runtime Data...
         Starting Run snappy firstboot setup...
         Starting LSB: AppArmor initialization...
         Starting Initial cloud-init job (pre-networking)...
[[0;32m  OK  [0m] Started Tell Plymouth To Write Out Runtime Data.
[[0;32m  OK  [0m] Found device /dev/ttyS0.
[[0;32m  OK  [0m] Listening on Load/Save RF Kill Switch Status /dev/rfkill Watch.
[[0;32m  OK  [0m] Started Create Volatile Files and Directories.
[[0;32m  OK  [0m] Reached target System Time Synchronized.
         Starting Update UTMP about System Boot/Shutdown...
[[0;32m  OK  [0m] Found device 82540EM Gigabit Ethern...r (PRO/1000 MT Desktop Adapter).
[[0;32m  OK  [0m] Started Update UTMP about System Boot/Shutdown.
[[0;32m  OK  [0m] Started Set console font and keymap.
[[0;32m  OK  [0m] Created slice system-getty.slice.
[[0;32m  OK  [0m] Started Run snappy firstboot setup.
[[0;1;31mFAILED[0m] Failed to start LSB: AppArmor initialization.
See 'systemctl status apparmor.service' for details.
[[0;32m  OK  [0m] Reached target System Initialization.
[[0;32m  OK  [0m] Listening on ACPID Listen Socket.
[[0;32m  OK  [0m] Started ACPI Events Check.
[[0;32m  OK  [0m] Started Daily Cleanup of Temporary Directories.
         Starting Socket activation for snappy daemon.
[[0;32m  OK  [0m] Started Trigger resolvconf update for networkd DNS.
[[0;32m  OK  [0m] Reached target Paths.
[[0;32m  OK  [0m] Started Timer to automatically refresh installed snaps.
[[0;32m  OK  [0m] Started Daily apt activities.
[[0;32m  OK  [0m] Reached target Timers.
[[0;32m  OK  [0m] Listening on D-Bus System Message Bus Socket.
[[0;32m  OK  [0m] Listening on UUID daemon activation socket.
         Starting LXD - unix socket.
[[0;32m  OK  [0m] Listening on Socket activation for snappy daemon.
[[0;32m  OK  [0m] Listening on LXD - unix socket.
[[0;32m  OK  [0m] Reached target Sockets.
[[0;32m  OK  [0m] Reached target Basic System.
         Starting System Logging Service...
         Starting vboxadd.service...
[[0;32m  OK  [0m] Started Regular background program processing daemon.
         Starting PostgreSQL Cluster 9.5-main...
         Starting Accounts Service...
         Starting LXD - container startup/shutdown...
[[0;32m  OK  [0m] Started D-Bus System Message Bus.
[[0;32m  OK  [0m] Started FUSE filesystem for LXC.
         Starting Login Service...
         Starting vboxadd-x11.service...
         Starting LSB: Record successful boot for GRUB...
[[0;32m  OK  [0m] Started Deferred execution scheduler.
[[0;32m  OK  [0m] Started ACPI event daemon.
         Starting LSB: MD monitoring daemon...
[[0;32m  OK  [0m] Started Snappy daemon.
[[0;32m  OK  [0m] Started System Logging Service.
[[0;32m  OK  [0m] Started vboxadd-x11.service.
[[0;32m  OK  [0m] Started Login Service.
[[0;32m  OK  [0m] Started LSB: MD monitoring daemon.
[[0;32m  OK  [0m] Started LSB: Record successful boot for GRUB.
         Starting Authenticate and Authorize Users to Run Privileged Tasks...
[[0;32m  OK  [0m] Started Authenticate and Authorize Users to Run Privileged Tasks.
[[0;32m  OK  [0m] Started Accounts Service.
[[0;32m  OK  [0m] Started vboxadd.service.
         Starting vboxadd-service.service...
[[0;32m  OK  [0m] Started vboxadd-service.service.
[[0;32m  OK  [0m] Started LXD - container startup/shutdown.
[   22.811808] cloud-init[583]: Cloud-init v. 0.7.8 running 'init-local' at Mon, 24 Oct 2016 19:33:12 +0000. Up 21.73 seconds.
[[0;32m  OK  [0m] Started Initial cloud-init job (pre-networking).
[[0;32m  OK  [0m] Reached target Network (Pre).
[[0;32m  OK  [0m] Started ifup for enp0s3.
         Starting Raise network interfaces...
[[0;32m  OK  [0m] Started Raise network interfaces.
[[0;32m  OK  [0m] Reached target Network.
         Starting MySQL Community Server...
         Starting Initial cloud-init job (metadata service crawler)...
[[0;32m  OK  [0m] Started PostgreSQL Cluster 9.5-main.
         Starting PostgreSQL RDBMS...
[[0;32m  OK  [0m] Started PostgreSQL RDBMS.
[   24.650688] cloud-init[1166]: Cloud-init v. 0.7.8 running 'init' at Mon, 24 Oct 2016 19:33:14 +0000. Up 23.84 seconds.
[   24.656871] cloud-init[1166]: ci-info: +++++++++++++++++++++++++++++++++++++Net device info++++++++++++++++++++++++++++++++++++++
[   24.666481] cloud-init[1166]: ci-info: +--------+------+----------------------------+---------------+-------+-------------------+
[   24.678879] cloud-init[1166]: ci-info: | Device |  Up  |          Address           |      Mask     | Scope |     Hw-Address    |
[   24.699916] cloud-init[1166]: ci-info: +--------+------+----------------------------+---------------+-------+-------------------+
[   24.725112] cloud-init[1166]: ci-info: |   lo   | True |         127.0.0.1          |   255.0.0.0   |   .   |         .         |
[   24.745704] cloud-init[1166]: ci-info: |   lo   | True |          ::1/128           |       .       |  host |         .         |
[[0;32m  OK  [0m] Started Initial cloud-init job (metadata service crawler).
[   24.789809] cloud-init[1166]: ci-info: | enp0s3 | True |         10.0.2.15          | 255.255.255.0 |   .   | 02:3b:10:fe:82:8d |
[   24.828952] cloud-init[1166]: ci-info: | enp0s3 | True | fe80::3b:10ff:fefe:828d/64 |       .       |  link | 02:3b:10:fe:82:8d |
[   24.829315] cloud-init[1166]: ci-info: +--------+------+----------------------------+---------------+-------+-------------------+
[[0;32m  OK  [0m] Reached target Network is Online.
[   24.829519] cloud-init[1166]: ci-info: +++++++++++++++++++++++++++Route IPv4 info++++++++++++++++++++++++++++
[   25.011506] cloud-init[1166]: ci-info: +-------+-------------+----------+---------------+-----------+-------+
         Starting iSCSI initiator daemon (iscsid)...
[   25.012119] cloud-init[1166]: ci-info: | Route | Destination | Gateway  |    Genmask    | Interface | Flags |
[   25.060226]          cloud-init[1166]: ci-info: +-------+-------------+----------+---------------+-----------+-------+
[   25.061037] cloud-init[1166]: ci-info: |   0   |   0.0.0.0   | 10.0.2.2 |    0.0.0.0    |   enp0s3  |   UG  |
Starting /etc/rc.local Compatibility...
[   25.061279] cloud-init[1166]: ci-info: |   1   |   10.0.2.0  | 0.0.0.0  | 255.255.255.0 |   enp0s3  |   U   |
[   25.093090] cloud-init[1166]: ci-info: +-------+-------------+----------+---------------+-----------+-------+
         Starting OpenBSD Secure Shell server...
[[0;32m  OK  [0m] Reached target Cloud-config availability.
         Starting Apply the settings specified in cloud-config...
[[0;32m  OK  [0m] Started /etc/rc.local Compatibility.
[[0;32m  OK  [0m] Started iSCSI initiator daemon (iscsid).
         Starting Login to default iSCSI targets...
[[0;32m  OK  [0m] Started OpenBSD Secure Shell server.
[[0;32m  OK  [0m] Started Login to default iSCSI targets.
[[0;32m  OK  [0m] Reached target Remote File Systems (Pre).
[[0;32m  OK  [0m] Reached target Remote File Systems.
         Starting LSB: Set the CPU Frequency Scaling governor to "ondemand"...
         Starting LSB: daemon to balance interrupts for SMP systems...
         Starting Permit User Sessions...
         Starting LSB: automatic crash report generation...
         Starting LSB: Start/stop sysstat's sadc...
[[0;32m  OK  [0m] Started Permit User Sessions.
[[0;32m  OK  [0m] Started LSB: Set the CPU Frequency Scaling governor to "ondemand".
         Starting Terminate Plymouth Boot Screen...
         Starting Hold until boot process finishes up...
[[0;32m  OK  [0m] Started Terminate Plymouth Boot Screen.
[[0;32m  OK  [0m] Started Hold until boot process finishes up.
[[0;32m  OK  [0m] Started LSB: daemon to balance interrupts for SMP systems.
[[0;32m  OK  [0m] Started LSB: Start/stop sysstat's sadc.
[[0;32m  OK  [0m] Started Serial Getty on ttyS0.
         Starting Set console scheme...
[[0;32m  OK  [0m] Started Getty on tty1.
[[0;32m  OK  [0m] Reached target Login Prompts.
[[0;32m  OK  [0m] Started LSB: automatic crash report generation.
[[0;32m  OK  [0m] Started Set console scheme.
[   26.171502] cloud-init[1247]: Cloud-init v. 0.7.8 running 'modules:config' at Mon, 24 Oct 2016 19:33:16 +0000. Up 25.74 seconds.
[[0;32m  OK  [0m] Started Apply the settings specified in cloud-config.
[[0;32m  OK  [0m] Started MySQL Community Server.
[[0;32m  OK  [0m] Reached target Multi-User System.
         Starting Notify bootloader that boot was successful...
[[0;32m  OK  [0m] Reached target Graphical Interface.
         Starting Update UTMP about System Runlevel Changes...
         Starting Execute cloud user/final scripts...
[[0;32m  OK  [0m] Started Notify bootloader that boot was successful.
[[0;32m  OK  [0m] Started Update UTMP about System Runlevel Changes.
[   28.687792] cloud-init[1365]: Cloud-init v. 0.7.8 running 'modules:final' at Mon, 24 Oct 2016 19:33:19 +0000. Up 28.50 seconds.
[   28.693294] cloud-init[1365]: Cloud-init v. 0.7.8 finished at Mon, 24 Oct 2016 19:33:19 +0000. Datasource DataSourceNoCloud [seed=/dev/sdb][dsmode=net].  Up 28.67 seconds
[[0;32m  OK  [0m] Started Execute cloud user/final scripts.
[[0;32m  OK  [0m] Reached target Cloud-init target.

Ubuntu 16.04.1 LTS ubuntu-xenial ttyS0

ubuntu-xenial login:          Stopn         Stopping Serial Getty on ttyS0...
         Stopping vboxadd-x11.service...
         Stopping Regular background program processing daemon...
         Stopping LSB: MD monitoring daemon...
         Stopping LSB: automatic crash report generation...
         Stopping vboxadd-service.service...
         Stopping OpenBSD Secure Shell server...
         Stopping LSB: Record successful boot for GRUB...
         Stopping D-Bus System Message Bus...
         Stopping LSB: Start/stop sysstat's sadc...
         Stopping LSB: daemon to balance interrupts for SMP systems...
         Stopping Deferred execution scheduler...
         Stopping LXD - container startup/shutdown...
[[0;32m  OK  [0m] Stopped target Timers.
[[0;32m  OK  [0m] Stopped Timer to automatically refresh installed snaps.
[[0;32m  OK  [0m] Stopped Daily apt activities.
[[0;32m  OK  [0m] Stopped target System Time Synchronized.
[[0;32m  OK  [0m] Stopped Daily Cleanup of Temporary Directories.
         Stopping LSB: Set the CPU Frequency Scaling governor to "ondemand"...
         Stopping Snappy daemon...
[[0;32m  OK  [0m] Closed Load/Save RF Kill Switch Status /dev/rfkill Watch.
         Stopping Getty on tty1...
[[0;32m  OK  [0m] Unmounted /var/lib/lxcfs.
[[0;32m  OK  [0m] Stopped System Logging Service.
[[0;32m  OK  [0m] Stopped Regular background program processing daemon.
[[0;32m  OK  [0m] Stopped Accounts Service.
[[0;32m  OK  [0m] Stopped Deferred execution scheduler.
[[0;32m  OK  [0m] Stopped ACPI event daemon.
[[0;32m  OK  [0m] Stopped Snappy daemon.
[[0;32m  OK  [0m] Stopped Authenticate and Authorize Users to Run Privileged Tasks.
[[0;32m  OK  [0m] Stopped OpenBSD Secure Shell server.
[[0;32m  OK  [0m] Stopped Serial Getty on ttyS0.
[[0;32m  OK  [0m] Stopped Getty on tty1.
[[0;32m  OK  [0m] Stopped User Manager for UID 1000.
[[0;32m  OK  [0m] Started Unattended Upgrades Shutdown.
[[0;32m  OK  [0m] Stopped Session 21 of user ubuntu.
[[0;32m  OK  [0m] Stopped vboxadd-x11.service.
[[0;32m  OK  [0m] Stopped vboxadd-service.service.
[[0;32m  OK  [0m] Stopped D-Bus System Message Bus.
[[0;32m  OK  [0m] Stopped FUSE filesystem for LXC.
[[0;32m  OK  [0m] Stopped LSB: MD monitoring daemon.
[[0;32m  OK  [0m] Stopped LSB: automatic crash report generation.
[[0;32m  OK  [0m] Stopped LSB: Start/stop sysstat's sadc.
[[0;32m  OK  [0m] Stopped LSB: Record successful boot for GRUB.
[[0;32m  OK  [0m] Stopped LSB: daemon to balance interrupts for SMP systems.
[[0;32m  OK  [0m] Stopped LXD - container startup/shutdown.
[[0;32m  OK  [0m] Stopped LSB: Set the CPU Frequency Scaling governor to "ondemand".
         Stopping vboxadd.service...
[[0;32m  OK  [0m] Removed slice User Slice of ubuntu.
         Stopping Login Service...
[[0;32m  OK  [0m] Removed slice system-getty.slice.
         Stopping Permit User Sessions...
[[0;32m  OK  [0m] Removed slice system-serial\x2dgetty.slice.
[[0;32m  OK  [0m] Stopped /etc/rc.local Compatibility.
[[0;32m  OK  [0m] Unmounted /tmp/vagrant-chef/6fb5613...bce9a92acb8c89af9514d/cookbooks.
[[0;32m  OK  [0m] Unmounted /vagrant.
[[0;32m  OK  [0m] Stopped Login Service.
[[0;32m  OK  [0m] Stopped PostgreSQL Cluster 9.5-main.
[[0;32m  OK  [0m] Stopped vboxadd.service.
[[0;32m  OK  [0m] Stopped Permit User Sessions.
[[0;32m  OK  [0m] Stopped target Remote File Systems.
[[0;32m  OK  [0m] Stopped target Remote File Systems (Pre).
         Stopping Login to default iSCSI targets...
[[0;32m  OK  [0m] Removed slice system-postgresql.slice.
[[0;32m  OK  [0m] Stopped target User and Group Name Lookups.
[[0;32m  OK  [0m] Stopped MySQL Community Server.
[[0;32m  OK  [0m] Stopped Login to default iSCSI targets.
         Stopping iSCSI initiator daemon (iscsid)...
[[0;32m  OK  [0m] Stopped iSCSI initiator daemon (iscsid).
[[0;32m  OK  [0m] Stopped target Network is Online.
[[0;32m  OK  [0m] Stopped Initial cloud-init job (metadata service crawler).
[[0;32m  OK  [0m] Stopped target Basic System.
[[0;32m  OK  [0m] Stopped target Sockets.
[[0;32m  OK  [0m] Closed LXD - unix socket.
[[0;32m  OK  [0m] Closed Socket activation for snappy daemon.
[[0;32m  OK  [0m] Closed ACPID Listen Socket.
[[0;32m  OK  [0m] Closed UUID daemon activation socket.
[[0;32m  OK  [0m] Closed D-Bus System Message Bus Socket.
[[0;32m  OK  [0m] Closed Syslog Socket.
[[0;32m  OK  [0m] Stopped target Slices.
[[0;32m  OK  [0m] Removed slice User and Session Slice.
[[0;32m  OK  [0m] Stopped target Paths.
[[0;32m  OK  [0m] Stopped Dispatch Password Requests to Console Directory Watch.
[[0;32m  OK  [0m] Stopped Trigger resolvconf update for networkd DNS.
[[0;32m  OK  [0m] Stopped Forward Password Requests to Wall Directory Watch.
[[0;32m  OK  [0m] Stopped ACPI Events Check.
[[0;32m  OK  [0m] Stopped target System Initialization.
[[0;32m  OK  [0m] Stopped Create Volatile Files and Directories.
[[0;32m  OK  [0m] Stopped target Encrypted Volumes.
[[0;32m  OK  [0m] Stopped target Swap.
         Stopping Load/Save Random Seed...
[[0;32m  OK  [0m] Stopped target Network.
         Stopping Raise network interfaces...
[[0;32m  OK  [0m] Stopped Load/Save Random Seed.
[[0;32m  OK  [0m] Stopped Raise network interfaces.
[[0;32m  OK  [0m] Stopped target Network (Pre).
[[0;32m  OK  [0m] Stopped Initial cloud-init job (pre-networking).
[[0;32m  OK  [0m] Stopped target Local File Systems.
         Unmounting /run/user/1000...
[[0;32m  OK  [0m] Stopped Apply Kernel Variables.
[[0;32m  OK  [0m] Stopped Load Kernel Modules.
[[0;32m  OK  [0m] Unmounted /run/user/1000.
[[0;32m  OK  [0m] Reached target Unmount All Filesystems.
[[0;32m  OK  [0m] Stopped target Local File Systems (Pre).
[[0;32m  OK  [0m] Stopped Create Static Device Nodes in /dev.
[[0;32m  OK  [0m] Stopped Remount Root and Kernel File Systems.
[[0;32m  OK  [0m] Reached target Shutdown.
[ 8640.979444] reboot: Power down
